02-20 12:12:33 com_github_MitjaNemec_ReplicateLayout.action_replicate_layout 409:Plugin executed on: 'win32'
02-20 12:12:33 com_github_MitjaNemec_ReplicateLayout.action_replicate_layout 410:Plugin executed with python version: '3.11.5 (main, Nov  6 2025, 07:48:09) [MSC v.1944 64 bit (AMD64)]'
02-20 12:12:33 com_github_MitjaNemec_ReplicateLayout.action_replicate_layout 411:KiCad build version: 9.0.7
02-20 12:12:33 com_github_MitjaNemec_ReplicateLayout.action_replicate_layout 412:Plugin version: 4.0.3
02-20 12:12:33 com_github_MitjaNemec_ReplicateLayout.action_replicate_layout 413:Frame repr: <wx._core.Frame object at 0x0000019AF41CBD00>
02-20 12:12:33 com_github_MitjaNemec_ReplicateLayout.action_replicate_layout 437:Preparing replicator with D6 as a reference
02-20 12:12:33 com_github_MitjaNemec_ReplicateLayout.replicate_layout 117:getting a list of all footprints on board
02-20 12:12:33 com_github_MitjaNemec_ReplicateLayout.action_replicate_layout 485:source anchor footprint is 'D6'
Located on: ['/blinka/']
With filenames: ['blinka.kicad_sch']
With sheet_id:['/blinka/']
02-20 12:12:33 com_github_MitjaNemec_ReplicateLayout.action_replicate_layout 492:Corresponding footprints are 
[('D6', ['/blinka/']), ('D3', ['/blinka1/'])]
02-20 12:12:33 com_github_MitjaNemec_ReplicateLayout.action_replicate_layout 504:Showing dialog
02-20 12:12:33 com_github_MitjaNemec_ReplicateLayout.replicate_layout 472:constructing a list of sheets suitable for replication on level:'/blinka/', file:'blinka.kicad_sch'
02-20 12:12:33 com_github_MitjaNemec_ReplicateLayout.replicate_layout 509:suitable sheets are:[['/blinka1/']]
02-20 12:12:34 com_github_MitjaNemec_ReplicateLayout.replicate_layout 1512:Level selected: ['/blinka/']
02-20 12:12:34 com_github_MitjaNemec_ReplicateLayout.replicate_layout 1336:Filtering list of tracks
02-20 12:12:34 com_github_MitjaNemec_ReplicateLayout.action_replicate_layout 510:Toolbar position: wx.Point(1876, 98)
02-20 12:12:34 com_github_MitjaNemec_ReplicateLayout.action_replicate_layout 515:Dialog position: wx.Point(1437, 98)
02-20 12:12:36 com_github_MitjaNemec_ReplicateLayout.replicate_layout 472:constructing a list of sheets suitable for replication on level:'/blinka/', file:'blinka.kicad_sch'
02-20 12:12:36 com_github_MitjaNemec_ReplicateLayout.replicate_layout 509:suitable sheets are:[['/blinka1/']]
02-20 12:12:36 com_github_MitjaNemec_ReplicateLayout.action_replicate_layout 248:Replicating layout
02-20 12:12:36 com_github_MitjaNemec_ReplicateLayout.replicate_layout 288:Starting replication of sheets: [['/blinka1/']]
on level: ['/blinka/']
with tracks=True, zone=True, text=True, text=True, intersecting=False, remove=False, locked footprints=False, group_only=False
02-20 12:12:36 root 340:updating GUI message: 'Preparing for replication'
02-20 12:12:36 root 345:updating GUI with: 0
02-20 12:12:36 com_github_MitjaNemec_ReplicateLayout.replicate_layout 358:Getting the list of source footprints
02-20 12:12:36 root 345:updating GUI with: 0
02-20 12:12:36 com_github_MitjaNemec_ReplicateLayout.replicate_layout 368:Getting the list of all the remaining footprints
02-20 12:12:36 com_github_MitjaNemec_ReplicateLayout.replicate_layout 375:Getting source tracks
02-20 12:12:36 com_github_MitjaNemec_ReplicateLayout.replicate_layout 1336:Filtering list of tracks
02-20 12:12:36 com_github_MitjaNemec_ReplicateLayout.replicate_layout 379:Getting source zones
02-20 12:12:36 com_github_MitjaNemec_ReplicateLayout.replicate_layout 383:Getting source text items
02-20 12:12:36 com_github_MitjaNemec_ReplicateLayout.replicate_layout 387:Getting source drawing items
02-20 12:12:36 root 340:updating GUI message: 'Replicating footprints'
02-20 12:12:36 com_github_MitjaNemec_ReplicateLayout.replicate_layout 863:Replicating footprints
02-20 12:12:36 com_github_MitjaNemec_ReplicateLayout.replicate_layout 870:Replicating footprints on sheet ['/blinka1/']
02-20 12:12:36 com_github_MitjaNemec_ReplicateLayout.replicate_layout 835:Src fp.id: '9EB98213-C420-4773-965C-6986A18F1E40'
02-20 12:12:36 com_github_MitjaNemec_ReplicateLayout.replicate_layout 839:Dst fp.id: '9EB98213-C420-4773-965C-6986A18F1E40'
02-20 12:12:36 com_github_MitjaNemec_ReplicateLayout.replicate_layout 888:Replicating footprint: 'D5'
02-20 12:12:36 com_github_MitjaNemec_ReplicateLayout.replicate_layout 835:Src fp.id: 'BCB6ADBC-8F65-4EC0-B651-57CDD63C2CE2'
02-20 12:12:36 com_github_MitjaNemec_ReplicateLayout.replicate_layout 839:Dst fp.id: 'BCB6ADBC-8F65-4EC0-B651-57CDD63C2CE2'
02-20 12:12:36 com_github_MitjaNemec_ReplicateLayout.replicate_layout 895:found match in dst footprint: 'D2'
02-20 12:12:36 com_github_MitjaNemec_ReplicateLayout.replicate_layout 990:Src text UUid:2497dd1d-a8f9-45d5-ba1e-9b94294588ef
02-20 12:12:36 com_github_MitjaNemec_ReplicateLayout.replicate_layout 991:Dst text UUid:601c2769-76ae-4653-8637-3d3a1d299f0e
02-20 12:12:36 com_github_MitjaNemec_ReplicateLayout.replicate_layout 990:Src text UUid:5be4b89d-595a-46b7-9472-caa9ebd32d24
02-20 12:12:36 com_github_MitjaNemec_ReplicateLayout.replicate_layout 991:Dst text UUid:8c8ea42b-b3b2-486d-8b74-fd0ecb340d3d
02-20 12:12:36 com_github_MitjaNemec_ReplicateLayout.replicate_layout 990:Src text UUid:5a6649ab-aa29-4c1e-90ea-31d7802ee7fb
02-20 12:12:36 com_github_MitjaNemec_ReplicateLayout.replicate_layout 991:Dst text UUid:e6e0282c-635a-4a41-bbe7-803a5fb11368
02-20 12:12:36 com_github_MitjaNemec_ReplicateLayout.replicate_layout 990:Src text UUid:e0793459-7d7a-48ac-879f-e8c324bd8eb5
02-20 12:12:36 com_github_MitjaNemec_ReplicateLayout.replicate_layout 991:Dst text UUid:2ac7eb25-b668-4051-b9d4-f535e032fb8a
02-20 12:12:36 com_github_MitjaNemec_ReplicateLayout.replicate_layout 990:Src text UUid:ec466c7a-1d51-461f-afcb-e282d0ddbef1
02-20 12:12:36 com_github_MitjaNemec_ReplicateLayout.replicate_layout 991:Dst text UUid:8c8ea42b-b3b2-486d-8b74-fd0ecb340d3d
02-20 12:12:36 com_github_MitjaNemec_ReplicateLayout.replicate_layout 888:Replicating footprint: 'Q4'
02-20 12:12:36 com_github_MitjaNemec_ReplicateLayout.replicate_layout 835:Src fp.id: '4B746DB0-9FB0-4BD9-AFB0-547318708D34'
02-20 12:12:36 com_github_MitjaNemec_ReplicateLayout.replicate_layout 839:Dst fp.id: '4B746DB0-9FB0-4BD9-AFB0-547318708D34'
02-20 12:12:36 com_github_MitjaNemec_ReplicateLayout.replicate_layout 895:found match in dst footprint: 'Q2'
02-20 12:12:36 com_github_MitjaNemec_ReplicateLayout.replicate_layout 990:Src text UUid:17ee643f-b5f0-4a0b-9cc4-9d99d5bb710e
02-20 12:12:36 com_github_MitjaNemec_ReplicateLayout.replicate_layout 991:Dst text UUid:a58f62e9-2956-444e-a359-97e0a1d31e5e
02-20 12:12:36 com_github_MitjaNemec_ReplicateLayout.replicate_layout 990:Src text UUid:bb92c72f-9878-423e-9614-901145f0a90b
02-20 12:12:36 com_github_MitjaNemec_ReplicateLayout.replicate_layout 991:Dst text UUid:9dff4fa8-d516-4e47-80f4-d18f21b5fe57
02-20 12:12:36 com_github_MitjaNemec_ReplicateLayout.replicate_layout 990:Src text UUid:43deccf6-d067-4f8c-a8f1-2e545c5a6134
02-20 12:12:36 com_github_MitjaNemec_ReplicateLayout.replicate_layout 991:Dst text UUid:4079a741-48c2-4b8a-a9f3-4f6725c85a1f
02-20 12:12:36 com_github_MitjaNemec_ReplicateLayout.replicate_layout 888:Replicating footprint: 'R8'
02-20 12:12:36 com_github_MitjaNemec_ReplicateLayout.replicate_layout 835:Src fp.id: '10979B3F-3476-4A0B-A792-59DC48C54EF3'
02-20 12:12:36 com_github_MitjaNemec_ReplicateLayout.replicate_layout 839:Dst fp.id: '10979B3F-3476-4A0B-A792-59DC48C54EF3'
02-20 12:12:36 com_github_MitjaNemec_ReplicateLayout.replicate_layout 895:found match in dst footprint: 'R4'
02-20 12:12:36 com_github_MitjaNemec_ReplicateLayout.replicate_layout 990:Src text UUid:ceb911b6-3b7f-484c-91d3-2e6c52eccff2
02-20 12:12:36 com_github_MitjaNemec_ReplicateLayout.replicate_layout 991:Dst text UUid:b229fc10-5535-4c37-abf2-b4a585b6df63
02-20 12:12:36 com_github_MitjaNemec_ReplicateLayout.replicate_layout 990:Src text UUid:65036862-735e-4dda-945c-f31e98d9e125
02-20 12:12:36 com_github_MitjaNemec_ReplicateLayout.replicate_layout 991:Dst text UUid:261db184-3643-4107-a728-3adce1478be2
02-20 12:12:36 com_github_MitjaNemec_ReplicateLayout.replicate_layout 990:Src text UUid:26b9ac01-0dec-4567-90ca-d9f7366e0ef4
02-20 12:12:36 com_github_MitjaNemec_ReplicateLayout.replicate_layout 991:Dst text UUid:880ea6ea-b9f6-4fd9-9546-2a1f5041adcd
02-20 12:12:36 com_github_MitjaNemec_ReplicateLayout.replicate_layout 888:Replicating footprint: 'R7'
02-20 12:12:36 com_github_MitjaNemec_ReplicateLayout.replicate_layout 835:Src fp.id: '886F3351-34D9-4806-941B-322C36BE6FDF'
02-20 12:12:36 com_github_MitjaNemec_ReplicateLayout.replicate_layout 839:Dst fp.id: '886F3351-34D9-4806-941B-322C36BE6FDF'
02-20 12:12:36 com_github_MitjaNemec_ReplicateLayout.replicate_layout 895:found match in dst footprint: 'R3'
02-20 12:12:36 com_github_MitjaNemec_ReplicateLayout.replicate_layout 990:Src text UUid:45aae8bf-00bc-4ec7-b27b-b2eb101d752a
02-20 12:12:36 com_github_MitjaNemec_ReplicateLayout.replicate_layout 991:Dst text UUid:d707444b-3889-49fd-bd15-56432ebf444d
02-20 12:12:36 com_github_MitjaNemec_ReplicateLayout.replicate_layout 990:Src text UUid:801b7ef6-63ce-4522-aeea-b9d78a214141
02-20 12:12:36 com_github_MitjaNemec_ReplicateLayout.replicate_layout 991:Dst text UUid:8a970b39-1013-4d39-a6f7-71902226ad89
02-20 12:12:36 com_github_MitjaNemec_ReplicateLayout.replicate_layout 990:Src text UUid:86a95c9f-a217-4163-a113-4ad40b316d7b
02-20 12:12:36 com_github_MitjaNemec_ReplicateLayout.replicate_layout 991:Dst text UUid:ab59afb8-11bf-40a2-942d-4a64089132dc
02-20 12:12:36 com_github_MitjaNemec_ReplicateLayout.replicate_layout 888:Replicating footprint: 'R6'
02-20 12:12:36 com_github_MitjaNemec_ReplicateLayout.replicate_layout 835:Src fp.id: '36525F39-8BF8-4827-AA8A-F838FDB89C4E'
02-20 12:12:36 com_github_MitjaNemec_ReplicateLayout.replicate_layout 839:Dst fp.id: '36525F39-8BF8-4827-AA8A-F838FDB89C4E'
02-20 12:12:36 com_github_MitjaNemec_ReplicateLayout.replicate_layout 895:found match in dst footprint: 'R2'
02-20 12:12:36 com_github_MitjaNemec_ReplicateLayout.replicate_layout 990:Src text UUid:a267699b-3956-46c1-964c-eee468ff568e
02-20 12:12:36 com_github_MitjaNemec_ReplicateLayout.replicate_layout 991:Dst text UUid:5ed03978-1b30-4a0b-84f6-2168c1a1d674
02-20 12:12:36 com_github_MitjaNemec_ReplicateLayout.replicate_layout 990:Src text UUid:53aafc60-cd1e-4ceb-9ffd-3a583d079b8a
02-20 12:12:36 com_github_MitjaNemec_ReplicateLayout.replicate_layout 991:Dst text UUid:b9d54e25-f216-4ef3-a597-44650d5b4d5c
02-20 12:12:36 com_github_MitjaNemec_ReplicateLayout.replicate_layout 990:Src text UUid:722ebea7-6a64-4190-97c1-c4806075d5e8
02-20 12:12:36 com_github_MitjaNemec_ReplicateLayout.replicate_layout 991:Dst text UUid:2ae2b2d5-b75e-4766-bad2-e8e60f0e8336
02-20 12:12:36 com_github_MitjaNemec_ReplicateLayout.replicate_layout 888:Replicating footprint: 'R5'
02-20 12:12:36 com_github_MitjaNemec_ReplicateLayout.replicate_layout 835:Src fp.id: '28C55D35-0C3C-411E-9907-846788EFFF30'
02-20 12:12:36 com_github_MitjaNemec_ReplicateLayout.replicate_layout 839:Dst fp.id: '28C55D35-0C3C-411E-9907-846788EFFF30'
02-20 12:12:36 com_github_MitjaNemec_ReplicateLayout.replicate_layout 895:found match in dst footprint: 'R1'
02-20 12:12:36 com_github_MitjaNemec_ReplicateLayout.replicate_layout 990:Src text UUid:66c6bb4b-346a-4a29-b1a1-53b6ecbfc410
02-20 12:12:36 com_github_MitjaNemec_ReplicateLayout.replicate_layout 991:Dst text UUid:91e896b1-3ae7-405c-aac6-a9af66121061
02-20 12:12:36 com_github_MitjaNemec_ReplicateLayout.replicate_layout 990:Src text UUid:6179b000-9b2e-45cb-834d-ef4cd157485e
02-20 12:12:36 com_github_MitjaNemec_ReplicateLayout.replicate_layout 991:Dst text UUid:1c7e3e06-ddcc-4a78-b118-7cdb729c64f6
02-20 12:12:36 com_github_MitjaNemec_ReplicateLayout.replicate_layout 990:Src text UUid:ee9e763d-ca12-457b-a728-c8b8e60f6620
02-20 12:12:36 com_github_MitjaNemec_ReplicateLayout.replicate_layout 991:Dst text UUid:a6b4529c-b6cd-4582-a1dd-f123bfd70278
02-20 12:12:36 com_github_MitjaNemec_ReplicateLayout.replicate_layout 888:Replicating footprint: 'Q3'
02-20 12:12:36 com_github_MitjaNemec_ReplicateLayout.replicate_layout 835:Src fp.id: 'D6CBF4C4-34F5-43D3-8E13-201CD9126AC6'
02-20 12:12:36 com_github_MitjaNemec_ReplicateLayout.replicate_layout 839:Dst fp.id: 'D6CBF4C4-34F5-43D3-8E13-201CD9126AC6'
02-20 12:12:36 com_github_MitjaNemec_ReplicateLayout.replicate_layout 895:found match in dst footprint: 'Q1'
02-20 12:12:36 com_github_MitjaNemec_ReplicateLayout.replicate_layout 990:Src text UUid:2e85628c-5981-4523-8c4e-6757643e5c00
02-20 12:12:36 com_github_MitjaNemec_ReplicateLayout.replicate_layout 991:Dst text UUid:2edf4aba-414a-4cc8-8832-9b82263bf1cf
02-20 12:12:36 com_github_MitjaNemec_ReplicateLayout.replicate_layout 990:Src text UUid:cd68e9f6-67e0-4fb8-b463-12073b64d646
02-20 12:12:36 com_github_MitjaNemec_ReplicateLayout.replicate_layout 991:Dst text UUid:98073e76-1721-4bad-9a11-133db37ff5a9
02-20 12:12:36 com_github_MitjaNemec_ReplicateLayout.replicate_layout 990:Src text UUid:b67c5079-ed00-4177-9d73-23f62071ffc6
02-20 12:12:36 com_github_MitjaNemec_ReplicateLayout.replicate_layout 991:Dst text UUid:b37e5a19-7075-4d13-a103-0d502b5e620a
02-20 12:12:36 com_github_MitjaNemec_ReplicateLayout.replicate_layout 888:Replicating footprint: 'D6'
02-20 12:12:36 com_github_MitjaNemec_ReplicateLayout.replicate_layout 835:Src fp.id: '9EB98213-C420-4773-965C-6986A18F1E40'
02-20 12:12:36 com_github_MitjaNemec_ReplicateLayout.replicate_layout 839:Dst fp.id: '9EB98213-C420-4773-965C-6986A18F1E40'
02-20 12:12:36 com_github_MitjaNemec_ReplicateLayout.replicate_layout 895:found match in dst footprint: 'D3'
02-20 12:12:36 com_github_MitjaNemec_ReplicateLayout.replicate_layout 990:Src text UUid:738db06b-54df-4d0d-9ba2-749ad3e3a4d3
02-20 12:12:36 com_github_MitjaNemec_ReplicateLayout.replicate_layout 991:Dst text UUid:efc08747-e0fd-4494-9a3a-6afd7ff36895
02-20 12:12:36 com_github_MitjaNemec_ReplicateLayout.replicate_layout 990:Src text UUid:f917e32d-a7e8-46b8-96b5-7d6626354308
02-20 12:12:36 com_github_MitjaNemec_ReplicateLayout.replicate_layout 991:Dst text UUid:c9cccf76-948c-45af-8579-919cc30ed857
02-20 12:12:36 com_github_MitjaNemec_ReplicateLayout.replicate_layout 990:Src text UUid:c0ad2ad3-2927-456f-92c8-32288087fa48
02-20 12:12:36 com_github_MitjaNemec_ReplicateLayout.replicate_layout 991:Dst text UUid:88863bca-5023-4757-ad87-8d396d72e02a
02-20 12:12:36 com_github_MitjaNemec_ReplicateLayout.replicate_layout 888:Replicating footprint: 'D4'
02-20 12:12:36 com_github_MitjaNemec_ReplicateLayout.replicate_layout 835:Src fp.id: 'B7D5ABC6-6312-4CE2-8FE7-5DF09027C95B'
02-20 12:12:36 com_github_MitjaNemec_ReplicateLayout.replicate_layout 839:Dst fp.id: 'B7D5ABC6-6312-4CE2-8FE7-5DF09027C95B'
02-20 12:12:36 com_github_MitjaNemec_ReplicateLayout.replicate_layout 895:found match in dst footprint: 'D1'
02-20 12:12:36 com_github_MitjaNemec_ReplicateLayout.replicate_layout 990:Src text UUid:818232ff-b110-42e2-b4c5-952037b4eebb
02-20 12:12:36 com_github_MitjaNemec_ReplicateLayout.replicate_layout 991:Dst text UUid:4d8be735-963b-413b-af3f-340bd694fb55
02-20 12:12:36 com_github_MitjaNemec_ReplicateLayout.replicate_layout 990:Src text UUid:50947839-1261-4ac2-91de-059b66a844a6
02-20 12:12:36 com_github_MitjaNemec_ReplicateLayout.replicate_layout 991:Dst text UUid:68c3ed28-0a3c-4a84-8403-0652281c48aa
02-20 12:12:36 com_github_MitjaNemec_ReplicateLayout.replicate_layout 990:Src text UUid:0bb1a791-8260-4e0e-9388-95d7d7ea4136
02-20 12:12:36 com_github_MitjaNemec_ReplicateLayout.replicate_layout 991:Dst text UUid:4fe4d55d-11af-4948-960c-c095065c6d8b
02-20 12:12:36 com_github_MitjaNemec_ReplicateLayout.replicate_layout 990:Src text UUid:25dfe2c2-6ca8-444f-8e55-05095ba378c6
02-20 12:12:36 com_github_MitjaNemec_ReplicateLayout.replicate_layout 991:Dst text UUid:4b61f54f-c54b-47b1-9075-1014b60d1e93
02-20 12:12:36 com_github_MitjaNemec_ReplicateLayout.replicate_layout 990:Src text UUid:246a4c6d-babc-4f25-9f94-afd1750fa6c3
02-20 12:12:36 com_github_MitjaNemec_ReplicateLayout.replicate_layout 991:Dst text UUid:68c3ed28-0a3c-4a84-8403-0652281c48aa
02-20 12:12:36 com_github_MitjaNemec_ReplicateLayout.replicate_layout 888:Replicating footprint: 'C7'
02-20 12:12:36 com_github_MitjaNemec_ReplicateLayout.replicate_layout 835:Src fp.id: '8140786B-C3EA-43D7-9F51-161603764CE7'
02-20 12:12:36 com_github_MitjaNemec_ReplicateLayout.replicate_layout 839:Dst fp.id: '8140786B-C3EA-43D7-9F51-161603764CE7'
02-20 12:12:36 com_github_MitjaNemec_ReplicateLayout.replicate_layout 895:found match in dst footprint: 'C4'
02-20 12:12:36 com_github_MitjaNemec_ReplicateLayout.replicate_layout 990:Src text UUid:334577f8-8d68-4186-bd72-038d8614ef3d
02-20 12:12:36 com_github_MitjaNemec_ReplicateLayout.replicate_layout 991:Dst text UUid:38622ce6-1cb9-4264-9807-9480b5b663be
02-20 12:12:36 com_github_MitjaNemec_ReplicateLayout.replicate_layout 990:Src text UUid:9b9afdaf-65a5-4971-bf9e-733fb6f7fb5d
02-20 12:12:36 com_github_MitjaNemec_ReplicateLayout.replicate_layout 991:Dst text UUid:da72815a-18a7-4849-8792-dde1017cecda
02-20 12:12:36 com_github_MitjaNemec_ReplicateLayout.replicate_layout 990:Src text UUid:e9d94b20-da52-4d91-8902-a59a50ac9549
02-20 12:12:36 com_github_MitjaNemec_ReplicateLayout.replicate_layout 991:Dst text UUid:32dc67ce-fc3e-499c-824e-11041b084cb1
02-20 12:12:36 com_github_MitjaNemec_ReplicateLayout.replicate_layout 888:Replicating footprint: 'C6'
02-20 12:12:36 root 345:updating GUI with: 91
02-20 12:12:36 com_github_MitjaNemec_ReplicateLayout.replicate_layout 835:Src fp.id: 'E29E659B-9C8B-4E32-ADE3-79BC8E46DABA'
02-20 12:12:36 com_github_MitjaNemec_ReplicateLayout.replicate_layout 839:Dst fp.id: 'E29E659B-9C8B-4E32-ADE3-79BC8E46DABA'
02-20 12:12:36 com_github_MitjaNemec_ReplicateLayout.replicate_layout 895:found match in dst footprint: 'C3'
02-20 12:12:36 com_github_MitjaNemec_ReplicateLayout.replicate_layout 990:Src text UUid:3ab436b3-defd-40d2-9e77-50dd8d3dc621
02-20 12:12:36 com_github_MitjaNemec_ReplicateLayout.replicate_layout 991:Dst text UUid:470d7950-1b72-4b65-964b-3fdd6bf6c2fd
02-20 12:12:36 com_github_MitjaNemec_ReplicateLayout.replicate_layout 990:Src text UUid:11ee7b82-8a10-45c7-a1c3-1c50db4cf4f9
02-20 12:12:36 com_github_MitjaNemec_ReplicateLayout.replicate_layout 991:Dst text UUid:65e3fd09-9636-4a55-8103-06ab17e083e6
02-20 12:12:36 com_github_MitjaNemec_ReplicateLayout.replicate_layout 990:Src text UUid:03b85d1c-23c4-49a2-b34d-e568e5ec2d91
02-20 12:12:36 com_github_MitjaNemec_ReplicateLayout.replicate_layout 991:Dst text UUid:473c7549-8a52-4763-a91e-14e108c4d02b
02-20 12:12:36 com_github_MitjaNemec_ReplicateLayout.replicate_layout 888:Replicating footprint: 'C5'
02-20 12:12:36 com_github_MitjaNemec_ReplicateLayout.replicate_layout 835:Src fp.id: '1B9A55F6-9BC9-401C-B427-1410F3F37172'
02-20 12:12:36 com_github_MitjaNemec_ReplicateLayout.replicate_layout 839:Dst fp.id: '1B9A55F6-9BC9-401C-B427-1410F3F37172'
02-20 12:12:36 com_github_MitjaNemec_ReplicateLayout.replicate_layout 895:found match in dst footprint: 'C2'
02-20 12:12:36 com_github_MitjaNemec_ReplicateLayout.replicate_layout 990:Src text UUid:c3e055f9-1f4e-4946-b67a-cf6e0d3bb96f
02-20 12:12:36 com_github_MitjaNemec_ReplicateLayout.replicate_layout 991:Dst text UUid:a0a9db56-0378-46fe-a885-854eeecea053
02-20 12:12:36 com_github_MitjaNemec_ReplicateLayout.replicate_layout 990:Src text UUid:88fd6554-8950-4bd4-b530-31ba28901451
02-20 12:12:36 com_github_MitjaNemec_ReplicateLayout.replicate_layout 991:Dst text UUid:e8330054-9b4d-405e-a760-3d599742b6b3
02-20 12:12:36 com_github_MitjaNemec_ReplicateLayout.replicate_layout 990:Src text UUid:0458e391-8e7f-4b7f-8970-823295c41277
02-20 12:12:36 com_github_MitjaNemec_ReplicateLayout.replicate_layout 991:Dst text UUid:6256cf4f-a324-4ae5-9da8-f296c900fa6c
02-20 12:12:36 root 340:updating GUI message: 'Replicating tracks'
02-20 12:12:36 com_github_MitjaNemec_ReplicateLayout.replicate_layout 1014:Replicating tracks
02-20 12:12:36 com_github_MitjaNemec_ReplicateLayout.replicate_layout 1020:Replicating tracks on sheet ['/blinka1/']
02-20 12:12:36 com_github_MitjaNemec_ReplicateLayout.replicate_layout 835:Src fp.id: '9EB98213-C420-4773-965C-6986A18F1E40'
02-20 12:12:36 com_github_MitjaNemec_ReplicateLayout.replicate_layout 839:Dst fp.id: '9EB98213-C420-4773-965C-6986A18F1E40'
02-20 12:12:36 com_github_MitjaNemec_ReplicateLayout.replicate_layout 792:Net pairs for sheet ['/blinka1/'] :[('Net-(D4-K)', ''), ('Net-(Q3-B)', 'Net-(Q1-B)'), ('Net-(D6-A)', ''), ('Net-(Q4-B)', ''), ('Net-(Q4-C)', ''), ('Net-(Q4-C)', 'Net-(Q2-C)'), ('Net-(D4-K)', 'Net-(D1-K)'), ('/blinka/Vcc', '/blinka/Vcc'), ('Net-(Q3-B)', ''), ('Net-(D6-A)', 'Net-(D3-A)'), ('Net-(D5-K)', 'Net-(D2-K)'), ('Net-(Q3-C)', 'Net-(Q1-C)'), ('Net-(Q4-B)', 'Net-(Q2-B)'), ('Net-(Q3-C)', ''), ('Net-(D5-K)', ''), ('/blinka/GND', '/blinka/GND')]
02-20 12:12:36 root 340:updating GUI message: 'Replicating zones'
02-20 12:12:36 com_github_MitjaNemec_ReplicateLayout.replicate_layout 1084:Replicating zones
02-20 12:12:36 com_github_MitjaNemec_ReplicateLayout.replicate_layout 1091:Replicating zones on sheet ['/blinka1/']
02-20 12:12:36 com_github_MitjaNemec_ReplicateLayout.replicate_layout 835:Src fp.id: '9EB98213-C420-4773-965C-6986A18F1E40'
02-20 12:12:36 com_github_MitjaNemec_ReplicateLayout.replicate_layout 839:Dst fp.id: '9EB98213-C420-4773-965C-6986A18F1E40'
02-20 12:12:36 com_github_MitjaNemec_ReplicateLayout.replicate_layout 792:Net pairs for sheet ['/blinka1/'] :[('Net-(D4-K)', ''), ('Net-(Q3-B)', 'Net-(Q1-B)'), ('Net-(D6-A)', ''), ('Net-(Q4-B)', ''), ('Net-(Q4-C)', ''), ('Net-(Q4-C)', 'Net-(Q2-C)'), ('Net-(D4-K)', 'Net-(D1-K)'), ('/blinka/Vcc', '/blinka/Vcc'), ('Net-(Q3-B)', ''), ('Net-(D6-A)', 'Net-(D3-A)'), ('Net-(D5-K)', 'Net-(D2-K)'), ('Net-(Q3-C)', 'Net-(Q1-C)'), ('Net-(Q4-B)', 'Net-(Q2-B)'), ('Net-(Q3-C)', ''), ('Net-(D5-K)', ''), ('/blinka/GND', '/blinka/GND')]
02-20 12:12:36 root 340:updating GUI message: 'Replicating text'
02-20 12:12:36 com_github_MitjaNemec_ReplicateLayout.replicate_layout 1173:Replicating text
02-20 12:12:36 com_github_MitjaNemec_ReplicateLayout.replicate_layout 1180:Replicating text on sheet ['/blinka1/']
02-20 12:12:36 com_github_MitjaNemec_ReplicateLayout.replicate_layout 835:Src fp.id: '9EB98213-C420-4773-965C-6986A18F1E40'
02-20 12:12:36 com_github_MitjaNemec_ReplicateLayout.replicate_layout 839:Dst fp.id: '9EB98213-C420-4773-965C-6986A18F1E40'
02-20 12:12:36 root 340:updating GUI message: 'Replicating drawings'
02-20 12:12:36 com_github_MitjaNemec_ReplicateLayout.replicate_layout 1224:Replicating drawings
02-20 12:12:36 com_github_MitjaNemec_ReplicateLayout.replicate_layout 1230:Replicating drawings on sheet ['/blinka1/']
02-20 12:12:36 com_github_MitjaNemec_ReplicateLayout.replicate_layout 835:Src fp.id: '9EB98213-C420-4773-965C-6986A18F1E40'
02-20 12:12:36 com_github_MitjaNemec_ReplicateLayout.replicate_layout 839:Dst fp.id: '9EB98213-C420-4773-965C-6986A18F1E40'
02-20 12:12:36 com_github_MitjaNemec_ReplicateLayout.action_replicate_layout 264:Replication complete
